<?xml version="1.0" encoding="UTF-8"?><testsuite errors="0" failures="0" name="Verify CRUD operations of Superadmin" skipped="0" tests="17" time="269.68" timestamp="2022-08-25 11:58:33"><testcase name="Validate that the user is able to view the Welcome page"/><testcase name="Validate that the user able to Login as Super Admin with valid credentials"/><testcase name="Validate that the Super Admin able to Set Up new Organization"/><testcase name="Validate superadmin able to edit org data"/><testcase name="Validate superadmin able to add address"/><testcase name="Validate superadmin able to update org address"/><testcase name="Validate superadmin able to add affiliate"/><testcase name="Validate superadmin able to edit affiliate"/><testcase name="Validate that SuperAdmin able to add lob"/><testcase name="Validate that SuperAdmin able to edit lob"/><testcase name="Validate that SuperAdmin able to add configurations manual"/><testcase name="Validate that Super Admin able to edit manual config"/><testcase name="Validate that Super Admin able to add file sensed data"/><testcase name="Validate that Super Admin able to edit file sensed data"/><testcase name="Validate that Super Admin able to add configurations time based"/><testcase name="Validate that Super Admin able to edit time based"/><testcase name="Validate that Super Admin able to logout"/></testsuite>