<?xml version="1.0" encoding="UTF-8"?><testsuite errors="0" failures="0" name="Checking the internal developer pricelist negative scenarios" skipped="0" tests="8" time="149.76" timestamp="2022-08-26 04:08:52"><testcase name="Internal Developer is not able to sigh in when email and Password fields are blank"/><testcase name="Internal Developer is not allowed to sign in with invalid email and invalid password"/><testcase name="Internal Developer is not allowed to sighin with valid email and invalid password"/><testcase name="Validate that the internal developer is not allowed to login with invalid email and valid password"/><testcase name="Validate that internal developer login with the valid credentials"/><testcase name="Perfome invalid serch operation in Lobs"/><testcase name="giving valid data for searching in pricelist neagive scenario"/><testcase name="downloading the file"/></testsuite>