<?xml version="1.0" encoding="UTF-8"?><testsuite errors="0" failures="0" name="Super Admin CRUD operations negative scenarios" skipped="0" tests="7" time="107.18" timestamp="2022-08-25 06:49:15"><testcase name="validate the Welcome page negative scenarios"/><testcase name="validate the super admin not able to signin with invalid credentials"/><testcase name="validate super admin not able to create org with duplicate ein and db"/><testcase name="Validate super admin able to create org usinf diffent db and ein"/><testcase name="validate super admin not able perfome edit operation while lefe some fields are blank"/><testcase name="validate super admin not able to edit while giving same ein"/><testcase name="Validate super admin able to perfome edit operations while giving valid data"/></testsuite>