<?xml version="1.0" encoding="UTF-8"?><testsuite errors="0" failures="0" name="Application creaton and approval" skipped="0" tests="17" time="242.72" timestamp="2022-08-26 12:08:29"><testcase name="Validate the home page of internal developer"/><testcase name="Validate internaldeveloper logins with valid credentials"/><testcase name="Validate create application button is clickable"/><testcase name="Validate internal developer able to create first application"/><testcase name="Validate internal developer able to create second application"/><testcase name="Validate internal developer able to create third application"/><testcase name="Validate the created applications are in the pending list"/><testcase name="Validate internal developer able to logout after creating the applications"/><testcase name="Validate Compliance manager able to login"/><testcase name="Validate compliance manger able to login"/><testcase name="Validate that created applications listed in the pending list of compliance manager"/><testcase name="Validate cm can approve the pending applications"/><testcase name="cm able to deny the application and view in the deny list"/><testcase name="Validate user can after approving the application"/><testcase name="Validate internal developer login again"/><testcase name="Login as an internal developer"/><testcase name="int dev check that the applications"/></testsuite>