<?xml version="1.0" encoding="UTF-8"?><testsuite errors="0" failures="0" name="Thirdparty Negative Workflow" skipped="0" tests="15" time="178.62" timestamp="2022-08-26 03:11:29"><testcase name="Validate that the user is not allowed to login when email and Password fields are blank"/><testcase name="Validate third party user is allowed to login with invalid email and invalid password"/><testcase name="Validate that the user is not allowed to login with valid email and invalid password"/><testcase name="Validate that the user is not allowed to login with invalid email and valid password"/><testcase name="Validate that the user is not allowed to login with valid email and valid password thirdparty negative"/><testcase name="check that third party not able to create application while not filling the mandatory fields"/><testcase name="After the failure of app creationthird party tried to fill all fields"/><testcase name="validate third party not able to create application while giving the invalid email"/><testcase name="third party tries to create application with valid email id"/><testcase name="Thirdparty tries to edit  any one one of the applications"/><testcase name="Thirdparty click on the update button after entering all fields"/><testcase name="check the priselist negative scenarios"/><testcase name="giving invalid data in the search button of the thirdparty negative scenario"/><testcase name="giving valid data in the search button of the thirdparty negative scenario"/><testcase name="thirdparty negative scenario user logout"/></testsuite>