<?xml version="1.0" encoding="UTF-8"?><testsuite errors="0" failures="0" name="Checking the negative scenarios in the complaince manager pricelist page" skipped="0" tests="8" time="154.54" timestamp="2022-08-26 04:18:37"><testcase name="Validate that the complaince manager is not allowed to login when email and Password fields are blank"/><testcase name="Validate complaince manager is not allowed to login with invalid email and invalid password in the pricelist negative scenarios"/><testcase name="Validate that complince manager is not allowed to login with valid email and invalid password in the priselist negative"/><testcase name="Validate that the complince manager is not allowed to login with invalid email and valid password in the pricelist negative"/><testcase name="Validate that cm is not allowed to login with valid email and valid password in the pricelist negative"/><testcase name="complince manager perfome the search operation in the pricelist using invalid data in the lobs"/><testcase name="cm giving valid data in the search field of the pricelist negative scenarios"/><testcase name="complince manager pricelist negative scenarios user logout"/></testsuite>